{"/mnt/c/Users/MickaelBOHRER/Desktop/Developpeur/ADA/CollecKeytion/CollecKeytion/v0.2/Backend/cloudinary.js": {"path":"/mnt/c/Users/MickaelBOHRER/Desktop/Developpeur/ADA/CollecKeytion/CollecKeytion/v0.2/Backend/cloudinary.js","statementMap":{"0":{"start":{"line":1,"column":19},"end":{"line":1,"column":43}},"1":{"start":{"line":2,"column":0},"end":{"line":2,"column":27}},"2":{"start":{"line":5,"column":0},"end":{"line":7,"column":3}},"3":{"start":{"line":10,"column":0},"end":{"line":10,"column":33}},"4":{"start":{"line":12,"column":0},"end":{"line":17,"column":3}},"5":{"start":{"line":19,"column":0},"end":{"line":19,"column":28}}},"fnMap":{},"branchMap":{},"s":{"0":1,"1":1,"2":1,"3":1,"4":1,"5":1},"f":{},"b":{},"_coverageSchema":"1a1c01bbd47fc00a2c39e90264f33305004495a9","hash":"63f34b7095c4ea850debe69d160e3389e4b2bf79"}
,"/mnt/c/Users/MickaelBOHRER/Desktop/Developpeur/ADA/CollecKeytion/CollecKeytion/v0.2/Backend/server.js": {"path":"/mnt/c/Users/MickaelBOHRER/Desktop/Developpeur/ADA/CollecKeytion/CollecKeytion/v0.2/Backend/server.js","statementMap":{"0":{"start":{"line":17,"column":16},"end":{"line":17,"column":34}},"1":{"start":{"line":18,"column":0},"end":{"line":18,"column":27}},"2":{"start":{"line":19,"column":17},"end":{"line":19,"column":36}},"3":{"start":{"line":20,"column":13},"end":{"line":20,"column":28}},"4":{"start":{"line":21,"column":12},"end":{"line":21,"column":21}},"5":{"start":{"line":22,"column":17},"end":{"line":22,"column":46}},"6":{"start":{"line":23,"column":18},"end":{"line":23,"column":48}},"7":{"start":{"line":24,"column":22},"end":{"line":24,"column":56}},"8":{"start":{"line":28,"column":19},"end":{"line":36,"column":1}},"9":{"start":{"line":40,"column":0},"end":{"line":40,"column":40}},"10":{"start":{"line":43,"column":2},"end":{"line":43,"column":60}},"11":{"start":{"line":45,"column":0},"end":{"line":57,"column":4}},"12":{"start":{"line":52,"column":4},"end":{"line":52,"column":47}},"13":{"start":{"line":53,"column":4},"end":{"line":53,"column":67}},"14":{"start":{"line":56,"column":4},"end":{"line":56,"column":74}},"15":{"start":{"line":63,"column":0},"end":{"line":63,"column":24}},"16":{"start":{"line":64,"column":0},"end":{"line":64,"column":26}},"17":{"start":{"line":65,"column":0},"end":{"line":65,"column":27}},"18":{"start":{"line":66,"column":0},"end":{"line":66,"column":29}},"19":{"start":{"line":67,"column":0},"end":{"line":67,"column":36}},"20":{"start":{"line":70,"column":0},"end":{"line":72,"column":3}},"21":{"start":{"line":71,"column":2},"end":{"line":71,"column":74}},"22":{"start":{"line":75,"column":0},"end":{"line":77,"column":3}},"23":{"start":{"line":76,"column":2},"end":{"line":76,"column":53}},"24":{"start":{"line":80,"column":0},"end":{"line":82,"column":3}},"25":{"start":{"line":81,"column":2},"end":{"line":81,"column":59}},"26":{"start":{"line":84,"column":0},"end":{"line":84,"column":21}},"27":{"start":{"line":86,"column":0},"end":{"line":92,"column":1}},"28":{"start":{"line":87,"column":2},"end":{"line":91,"column":5}},"29":{"start":{"line":88,"column":4},"end":{"line":90,"column":6}}},"fnMap":{"0":{"name":"(anonymous_0)","decl":{"start":{"line":51,"column":8},"end":{"line":51,"column":9}},"loc":{"start":{"line":51,"column":14},"end":{"line":54,"column":3}},"line":51},"1":{"name":"(anonymous_1)","decl":{"start":{"line":55,"column":9},"end":{"line":55,"column":10}},"loc":{"start":{"line":56,"column":4},"end":{"line":56,"column":74}},"line":56},"2":{"name":"(anonymous_2)","decl":{"start":{"line":70,"column":13},"end":{"line":70,"column":14}},"loc":{"start":{"line":70,"column":33},"end":{"line":72,"column":1}},"line":70},"3":{"name":"(anonymous_3)","decl":{"start":{"line":75,"column":13},"end":{"line":75,"column":14}},"loc":{"start":{"line":75,"column":27},"end":{"line":77,"column":1}},"line":75},"4":{"name":"(anonymous_4)","decl":{"start":{"line":80,"column":14},"end":{"line":80,"column":15}},"loc":{"start":{"line":80,"column":28},"end":{"line":82,"column":1}},"line":80},"5":{"name":"(anonymous_5)","decl":{"start":{"line":87,"column":31},"end":{"line":87,"column":32}},"loc":{"start":{"line":87,"column":37},"end":{"line":91,"column":3}},"line":87}},"branchMap":{"0":{"loc":{"start":{"line":43,"column":2},"end":{"line":43,"column":60}},"type":"cond-expr","locations":[{"start":{"line":43,"column":36},"end":{"line":43,"column":42}},{"start":{"line":43,"column":45},"end":{"line":43,"column":60}}],"line":43},"1":{"loc":{"start":{"line":86,"column":0},"end":{"line":92,"column":1}},"type":"if","locations":[{"start":{"line":86,"column":0},"end":{"line":92,"column":1}},{"start":{},"end":{}}],"line":86}},"s":{"0":1,"1":1,"2":1,"3":1,"4":1,"5":1,"6":1,"7":1,"8":1,"9":1,"10":1,"11":1,"12":1,"13":1,"14":0,"15":1,"16":1,"17":1,"18":1,"19":1,"20":1,"21":0,"22":1,"23":1,"24":1,"25":0,"26":1,"27":1,"28":0,"29":0},"f":{"0":1,"1":0,"2":0,"3":1,"4":0,"5":0},"b":{"0":[1,0],"1":[0,1]},"_coverageSchema":"1a1c01bbd47fc00a2c39e90264f33305004495a9","hash":"d405ab1d8f0102509472495d73cc8e3aaa390d30"}
,"/mnt/c/Users/MickaelBOHRER/Desktop/Developpeur/ADA/CollecKeytion/CollecKeytion/v0.2/Backend/controllers/forgetPassword.controller.js": {"path":"/mnt/c/Users/MickaelBOHRER/Desktop/Developpeur/ADA/CollecKeytion/CollecKeytion/v0.2/Backend/controllers/forgetPassword.controller.js","statementMap":{"0":{"start":{"line":16,"column":15},"end":{"line":16,"column":34}},"1":{"start":{"line":17,"column":12},"end":{"line":17,"column":35}},"2":{"start":{"line":18,"column":13},"end":{"line":18,"column":43}},"3":{"start":{"line":19,"column":19},"end":{"line":19,"column":40}},"4":{"start":{"line":20,"column":0},"end":{"line":20,"column":27}},"5":{"start":{"line":26,"column":23},"end":{"line":81,"column":3}},"6":{"start":{"line":27,"column":4},"end":{"line":80,"column":5}},"7":{"start":{"line":28,"column":6},"end":{"line":28,"column":47}},"8":{"start":{"line":30,"column":37},"end":{"line":30,"column":45}},"9":{"start":{"line":31,"column":6},"end":{"line":31,"column":51}},"10":{"start":{"line":32,"column":19},"end":{"line":32,"column":48}},"11":{"start":{"line":33,"column":6},"end":{"line":33,"column":46}},"12":{"start":{"line":37,"column":6},"end":{"line":39,"column":7}},"13":{"start":{"line":38,"column":8},"end":{"line":38,"column":67}},"14":{"start":{"line":42,"column":20},"end":{"line":42,"column":99}},"15":{"start":{"line":44,"column":6},"end":{"line":44,"column":43}},"16":{"start":{"line":47,"column":26},"end":{"line":54,"column":8}},"17":{"start":{"line":57,"column":23},"end":{"line":57,"column":54}},"18":{"start":{"line":58,"column":6},"end":{"line":58,"column":57}},"19":{"start":{"line":60,"column":26},"end":{"line":69,"column":7}},"20":{"start":{"line":72,"column":6},"end":{"line":77,"column":9}},"21":{"start":{"line":73,"column":8},"end":{"line":75,"column":9}},"22":{"start":{"line":74,"column":10},"end":{"line":74,"column":64}},"23":{"start":{"line":76,"column":8},"end":{"line":76,"column":56}},"24":{"start":{"line":79,"column":6},"end":{"line":79,"column":53}},"25":{"start":{"line":88,"column":24},"end":{"line":127,"column":3}},"26":{"start":{"line":89,"column":4},"end":{"line":126,"column":5}},"27":{"start":{"line":90,"column":6},"end":{"line":90,"column":47}},"28":{"start":{"line":91,"column":6},"end":{"line":91,"column":52}},"29":{"start":{"line":93,"column":30},"end":{"line":93,"column":38}},"30":{"start":{"line":94,"column":20},"end":{"line":94,"column":36}},"31":{"start":{"line":96,"column":6},"end":{"line":99,"column":7}},"32":{"start":{"line":97,"column":8},"end":{"line":97,"column":53}},"33":{"start":{"line":98,"column":8},"end":{"line":98,"column":70}},"34":{"start":{"line":101,"column":22},"end":{"line":101,"column":67}},"35":{"start":{"line":102,"column":6},"end":{"line":102,"column":45}},"36":{"start":{"line":104,"column":19},"end":{"line":104,"column":54}},"37":{"start":{"line":105,"column":6},"end":{"line":105,"column":48}},"38":{"start":{"line":107,"column":6},"end":{"line":109,"column":7}},"39":{"start":{"line":108,"column":8},"end":{"line":108,"column":67}},"40":{"start":{"line":111,"column":6},"end":{"line":114,"column":7}},"41":{"start":{"line":112,"column":8},"end":{"line":112,"column":60}},"42":{"start":{"line":113,"column":8},"end":{"line":113,"column":77}},"43":{"start":{"line":116,"column":19},"end":{"line":116,"column":43}},"44":{"start":{"line":117,"column":6},"end":{"line":117,"column":59}},"45":{"start":{"line":118,"column":6},"end":{"line":118,"column":37}},"46":{"start":{"line":119,"column":6},"end":{"line":119,"column":24}},"47":{"start":{"line":121,"column":6},"end":{"line":121,"column":47}},"48":{"start":{"line":122,"column":6},"end":{"line":122,"column":73}},"49":{"start":{"line":124,"column":6},"end":{"line":124,"column":47}},"50":{"start":{"line":125,"column":6},"end":{"line":125,"column":90}},"51":{"start":{"line":129,"column":0},"end":{"line":129,"column":51}}},"fnMap":{"0":{"name":"(anonymous_0)","decl":{"start":{"line":26,"column":23},"end":{"line":26,"column":24}},"loc":{"start":{"line":26,"column":43},"end":{"line":81,"column":3}},"line":26},"1":{"name":"(anonymous_1)","decl":{"start":{"line":72,"column":40},"end":{"line":72,"column":41}},"loc":{"start":{"line":72,"column":49},"end":{"line":77,"column":7}},"line":72},"2":{"name":"(anonymous_2)","decl":{"start":{"line":88,"column":24},"end":{"line":88,"column":25}},"loc":{"start":{"line":88,"column":44},"end":{"line":127,"column":3}},"line":88}},"branchMap":{"0":{"loc":{"start":{"line":37,"column":6},"end":{"line":39,"column":7}},"type":"if","locations":[{"start":{"line":37,"column":6},"end":{"line":39,"column":7}},{"start":{},"end":{}}],"line":37},"1":{"loc":{"start":{"line":73,"column":8},"end":{"line":75,"column":9}},"type":"if","locations":[{"start":{"line":73,"column":8},"end":{"line":75,"column":9}},{"start":{},"end":{}}],"line":73},"2":{"loc":{"start":{"line":96,"column":6},"end":{"line":99,"column":7}},"type":"if","locations":[{"start":{"line":96,"column":6},"end":{"line":99,"column":7}},{"start":{},"end":{}}],"line":96},"3":{"loc":{"start":{"line":107,"column":6},"end":{"line":109,"column":7}},"type":"if","locations":[{"start":{"line":107,"column":6},"end":{"line":109,"column":7}},{"start":{},"end":{}}],"line":107},"4":{"loc":{"start":{"line":111,"column":6},"end":{"line":114,"column":7}},"type":"if","locations":[{"start":{"line":111,"column":6},"end":{"line":114,"column":7}},{"start":{},"end":{}}],"line":111}},"s":{"0":1,"1":1,"2":1,"3":1,"4":1,"5":1,"6":0,"7":0,"8":0,"9":0,"10":0,"11":0,"12":0,"13":0,"14":0,"15":0,"16":0,"17":0,"18":0,"19":0,"20":0,"21":0,"22":0,"23":0,"24":0,"25":1,"26":0,"27":0,"28":0,"29":0,"30":0,"31":0,"32":0,"33":0,"34":0,"35":0,"36":0,"37":0,"38":0,"39":0,"40":0,"41":0,"42":0,"43":0,"44":0,"45":0,"46":0,"47":0,"48":0,"49":0,"50":0,"51":1},"f":{"0":0,"1":0,"2":0},"b":{"0":[0,0],"1":[0,0],"2":[0,0],"3":[0,0],"4":[0,0]},"_coverageSchema":"1a1c01bbd47fc00a2c39e90264f33305004495a9","hash":"a44e274827f606dc7ad606ad690fcdb8e75d77aa"}
,"/mnt/c/Users/MickaelBOHRER/Desktop/Developpeur/ADA/CollecKeytion/CollecKeytion/v0.2/Backend/models/keymodel.js": {"path":"/mnt/c/Users/MickaelBOHRER/Desktop/Developpeur/ADA/CollecKeytion/CollecKeytion/v0.2/Backend/models/keymodel.js","statementMap":{"0":{"start":{"line":7,"column":17},"end":{"line":7,"column":36}},"1":{"start":{"line":8,"column":26},"end":{"line":8,"column":34}},"2":{"start":{"line":10,"column":18},"end":{"line":48,"column":1}},"3":{"start":{"line":50,"column":12},"end":{"line":50,"column":35}},"4":{"start":{"line":52,"column":0},"end":{"line":52,"column":21}}},"fnMap":{},"branchMap":{},"s":{"0":1,"1":1,"2":1,"3":1,"4":1},"f":{},"b":{},"_coverageSchema":"1a1c01bbd47fc00a2c39e90264f33305004495a9","hash":"385bb800d6ea85d18f46e6695a52aa9ad4db935a"}
,"/mnt/c/Users/MickaelBOHRER/Desktop/Developpeur/ADA/CollecKeytion/CollecKeytion/v0.2/Backend/models/userkeysmodel.js": {"path":"/mnt/c/Users/MickaelBOHRER/Desktop/Developpeur/ADA/CollecKeytion/CollecKeytion/v0.2/Backend/models/userkeysmodel.js","statementMap":{"0":{"start":{"line":7,"column":17},"end":{"line":7,"column":36}},"1":{"start":{"line":8,"column":26},"end":{"line":8,"column":34}},"2":{"start":{"line":10,"column":23},"end":{"line":29,"column":2}},"3":{"start":{"line":31,"column":0},"end":{"line":31,"column":36}},"4":{"start":{"line":32,"column":0},"end":{"line":32,"column":35}},"5":{"start":{"line":34,"column":17},"end":{"line":34,"column":50}},"6":{"start":{"line":36,"column":0},"end":{"line":36,"column":30}}},"fnMap":{},"branchMap":{},"s":{"0":1,"1":1,"2":1,"3":1,"4":1,"5":1,"6":1},"f":{},"b":{},"_coverageSchema":"1a1c01bbd47fc00a2c39e90264f33305004495a9","hash":"311eef56a8aa8d199a3c0d7b17e22cffeff5d732"}
,"/mnt/c/Users/MickaelBOHRER/Desktop/Developpeur/ADA/CollecKeytion/CollecKeytion/v0.2/Backend/models/usermodel.js": {"path":"/mnt/c/Users/MickaelBOHRER/Desktop/Developpeur/ADA/CollecKeytion/CollecKeytion/v0.2/Backend/models/usermodel.js","statementMap":{"0":{"start":{"line":9,"column":17},"end":{"line":9,"column":36}},"1":{"start":{"line":10,"column":26},"end":{"line":10,"column":34}},"2":{"start":{"line":11,"column":21},"end":{"line":11,"column":44}},"3":{"start":{"line":12,"column":17},"end":{"line":12,"column":29}},"4":{"start":{"line":13,"column":24},"end":{"line":13,"column":60}},"5":{"start":{"line":16,"column":19},"end":{"line":47,"column":2}},"6":{"start":{"line":49,"column":0},"end":{"line":49,"column":35}},"7":{"start":{"line":52,"column":0},"end":{"line":54,"column":2}},"8":{"start":{"line":53,"column":2},"end":{"line":53,"column":66}},"9":{"start":{"line":56,"column":0},"end":{"line":59,"column":2}},"10":{"start":{"line":57,"column":2},"end":{"line":57,"column":38}},"11":{"start":{"line":58,"column":2},"end":{"line":58,"column":20}},"12":{"start":{"line":61,"column":0},"end":{"line":65,"column":2}},"13":{"start":{"line":62,"column":20},"end":{"line":62,"column":44}},"14":{"start":{"line":63,"column":2},"end":{"line":63,"column":38}},"15":{"start":{"line":64,"column":2},"end":{"line":64,"column":19}},"16":{"start":{"line":67,"column":13},"end":{"line":67,"column":38}},"17":{"start":{"line":69,"column":0},"end":{"line":69,"column":22}}},"fnMap":{"0":{"name":"(anonymous_0)","decl":{"start":{"line":52,"column":39},"end":{"line":52,"column":40}},"loc":{"start":{"line":52,"column":51},"end":{"line":54,"column":1}},"line":52},"1":{"name":"(anonymous_1)","decl":{"start":{"line":56,"column":35},"end":{"line":56,"column":36}},"loc":{"start":{"line":56,"column":62},"end":{"line":59,"column":1}},"line":56},"2":{"name":"(anonymous_2)","decl":{"start":{"line":61,"column":50},"end":{"line":61,"column":51}},"loc":{"start":{"line":61,"column":68},"end":{"line":65,"column":1}},"line":61}},"branchMap":{},"s":{"0":1,"1":1,"2":1,"3":1,"4":1,"5":1,"6":1,"7":1,"8":0,"9":1,"10":0,"11":0,"12":1,"13":0,"14":0,"15":0,"16":1,"17":1},"f":{"0":0,"1":0,"2":0},"b":{},"_coverageSchema":"1a1c01bbd47fc00a2c39e90264f33305004495a9","hash":"0b510acd31699e33ba436f813ff8797ee8005fb9"}
,"/mnt/c/Users/MickaelBOHRER/Desktop/Developpeur/ADA/CollecKeytion/CollecKeytion/v0.2/Backend/routes/keyRoutes.js": {"path":"/mnt/c/Users/MickaelBOHRER/Desktop/Developpeur/ADA/CollecKeytion/CollecKeytion/v0.2/Backend/routes/keyRoutes.js","statementMap":{"0":{"start":{"line":16,"column":16},"end":{"line":16,"column":34}},"1":{"start":{"line":17,"column":12},"end":{"line":17,"column":41}},"2":{"start":{"line":18,"column":15},"end":{"line":18,"column":31}},"3":{"start":{"line":19,"column":15},"end":{"line":19,"column":32}},"4":{"start":{"line":20,"column":19},"end":{"line":20,"column":43}},"5":{"start":{"line":26,"column":16},"end":{"line":26,"column":38}},"6":{"start":{"line":28,"column":20},"end":{"line":45,"column":2}},"7":{"start":{"line":34,"column":4},"end":{"line":34,"column":22}},"8":{"start":{"line":35,"column":4},"end":{"line":42,"column":5}},"9":{"start":{"line":36,"column":6},"end":{"line":36,"column":33}},"10":{"start":{"line":37,"column":6},"end":{"line":41,"column":8}},"11":{"start":{"line":43,"column":4},"end":{"line":43,"column":19}},"12":{"start":{"line":47,"column":0},"end":{"line":55,"column":3}},"13":{"start":{"line":48,"column":2},"end":{"line":48,"column":37}},"14":{"start":{"line":49,"column":2},"end":{"line":54,"column":3}},"15":{"start":{"line":50,"column":17},"end":{"line":50,"column":33}},"16":{"start":{"line":51,"column":4},"end":{"line":51,"column":19}},"17":{"start":{"line":53,"column":4},"end":{"line":53,"column":53}},"18":{"start":{"line":57,"column":0},"end":{"line":65,"column":3}},"19":{"start":{"line":58,"column":2},"end":{"line":58,"column":54}},"20":{"start":{"line":59,"column":2},"end":{"line":64,"column":3}},"21":{"start":{"line":60,"column":16},"end":{"line":60,"column":49}},"22":{"start":{"line":61,"column":4},"end":{"line":61,"column":18}},"23":{"start":{"line":63,"column":4},"end":{"line":63,"column":53}},"24":{"start":{"line":67,"column":0},"end":{"line":118,"column":2}},"25":{"start":{"line":76,"column":4},"end":{"line":76,"column":40}},"26":{"start":{"line":77,"column":4},"end":{"line":116,"column":5}},"27":{"start":{"line":78,"column":21},"end":{"line":84,"column":8}},"28":{"start":{"line":79,"column":8},"end":{"line":79,"column":54}},"29":{"start":{"line":80,"column":23},"end":{"line":82,"column":10}},"30":{"start":{"line":83,"column":8},"end":{"line":83,"column":33}},"31":{"start":{"line":88,"column":6},"end":{"line":112,"column":11}},"32":{"start":{"line":90,"column":26},"end":{"line":102,"column":11}},"33":{"start":{"line":104,"column":22},"end":{"line":104,"column":47}},"34":{"start":{"line":105,"column":10},"end":{"line":105,"column":36}},"35":{"start":{"line":108,"column":10},"end":{"line":108,"column":39}},"36":{"start":{"line":109,"column":10},"end":{"line":111,"column":13}},"37":{"start":{"line":114,"column":6},"end":{"line":114,"column":35}},"38":{"start":{"line":115,"column":6},"end":{"line":115,"column":55}},"39":{"start":{"line":120,"column":0},"end":{"line":141,"column":3}},"40":{"start":{"line":121,"column":2},"end":{"line":121,"column":56}},"41":{"start":{"line":122,"column":2},"end":{"line":140,"column":3}},"42":{"start":{"line":123,"column":25},"end":{"line":123,"column":33}},"43":{"start":{"line":125,"column":4},"end":{"line":127,"column":5}},"44":{"start":{"line":126,"column":6},"end":{"line":126,"column":47}},"45":{"start":{"line":129,"column":23},"end":{"line":135,"column":5}},"46":{"start":{"line":137,"column":4},"end":{"line":137,"column":25}},"47":{"start":{"line":139,"column":4},"end":{"line":139,"column":53}},"48":{"start":{"line":143,"column":0},"end":{"line":151,"column":3}},"49":{"start":{"line":144,"column":2},"end":{"line":144,"column":57}},"50":{"start":{"line":145,"column":2},"end":{"line":150,"column":3}},"51":{"start":{"line":146,"column":4},"end":{"line":146,"column":47}},"52":{"start":{"line":147,"column":4},"end":{"line":147,"column":41}},"53":{"start":{"line":149,"column":4},"end":{"line":149,"column":53}},"54":{"start":{"line":153,"column":0},"end":{"line":153,"column":24}}},"fnMap":{"0":{"name":"(anonymous_0)","decl":{"start":{"line":33,"column":2},"end":{"line":33,"column":3}},"loc":{"start":{"line":33,"column":28},"end":{"line":44,"column":3}},"line":33},"1":{"name":"(anonymous_1)","decl":{"start":{"line":47,"column":16},"end":{"line":47,"column":17}},"loc":{"start":{"line":47,"column":36},"end":{"line":55,"column":1}},"line":47},"2":{"name":"(anonymous_2)","decl":{"start":{"line":57,"column":19},"end":{"line":57,"column":20}},"loc":{"start":{"line":57,"column":39},"end":{"line":65,"column":1}},"line":57},"3":{"name":"(anonymous_3)","decl":{"start":{"line":75,"column":2},"end":{"line":75,"column":3}},"loc":{"start":{"line":75,"column":22},"end":{"line":117,"column":3}},"line":75},"4":{"name":"(anonymous_4)","decl":{"start":{"line":78,"column":50},"end":{"line":78,"column":51}},"loc":{"start":{"line":78,"column":71},"end":{"line":84,"column":7}},"line":78},"5":{"name":"(anonymous_5)","decl":{"start":{"line":89,"column":14},"end":{"line":89,"column":15}},"loc":{"start":{"line":89,"column":35},"end":{"line":106,"column":9}},"line":89},"6":{"name":"(anonymous_6)","decl":{"start":{"line":107,"column":15},"end":{"line":107,"column":16}},"loc":{"start":{"line":107,"column":26},"end":{"line":112,"column":9}},"line":107},"7":{"name":"(anonymous_7)","decl":{"start":{"line":120,"column":50},"end":{"line":120,"column":51}},"loc":{"start":{"line":120,"column":70},"end":{"line":141,"column":1}},"line":120},"8":{"name":"(anonymous_8)","decl":{"start":{"line":143,"column":22},"end":{"line":143,"column":23}},"loc":{"start":{"line":143,"column":42},"end":{"line":151,"column":1}},"line":143}},"branchMap":{"0":{"loc":{"start":{"line":35,"column":4},"end":{"line":42,"column":5}},"type":"if","locations":[{"start":{"line":35,"column":4},"end":{"line":42,"column":5}},{"start":{},"end":{}}],"line":35},"1":{"loc":{"start":{"line":125,"column":4},"end":{"line":127,"column":5}},"type":"if","locations":[{"start":{"line":125,"column":4},"end":{"line":127,"column":5}},{"start":{},"end":{}}],"line":125}},"s":{"0":1,"1":1,"2":1,"3":1,"4":1,"5":1,"6":1,"7":0,"8":0,"9":0,"10":0,"11":0,"12":1,"13":0,"14":0,"15":0,"16":0,"17":0,"18":1,"19":0,"20":0,"21":0,"22":0,"23":0,"24":1,"25":0,"26":0,"27":0,"28":0,"29":0,"30":0,"31":0,"32":0,"33":0,"34":0,"35":0,"36":0,"37":0,"38":0,"39":1,"40":0,"41":0,"42":0,"43":0,"44":0,"45":0,"46":0,"47":0,"48":1,"49":0,"50":0,"51":0,"52":0,"53":0,"54":1},"f":{"0":0,"1":0,"2":0,"3":0,"4":0,"5":0,"6":0,"7":0,"8":0},"b":{"0":[0,0],"1":[0,0]},"_coverageSchema":"1a1c01bbd47fc00a2c39e90264f33305004495a9","hash":"4768d7c259355f2eff5b768c650016f61bb3ebe4"}
,"/mnt/c/Users/MickaelBOHRER/Desktop/Developpeur/ADA/CollecKeytion/CollecKeytion/v0.2/Backend/routes/userKeysRoutes.js": {"path":"/mnt/c/Users/MickaelBOHRER/Desktop/Developpeur/ADA/CollecKeytion/CollecKeytion/v0.2/Backend/routes/userKeysRoutes.js","statementMap":{"0":{"start":{"line":16,"column":16},"end":{"line":16,"column":34}},"1":{"start":{"line":17,"column":21},"end":{"line":17,"column":55}},"2":{"start":{"line":19,"column":15},"end":{"line":19,"column":31}},"3":{"start":{"line":22,"column":0},"end":{"line":52,"column":3}},"4":{"start":{"line":23,"column":2},"end":{"line":51,"column":3}},"5":{"start":{"line":24,"column":30},"end":{"line":24,"column":39}},"6":{"start":{"line":27,"column":4},"end":{"line":38,"column":5}},"7":{"start":{"line":28,"column":22},"end":{"line":28,"column":78}},"8":{"start":{"line":31,"column":6},"end":{"line":35,"column":7}},"9":{"start":{"line":32,"column":8},"end":{"line":34,"column":11}},"10":{"start":{"line":37,"column":6},"end":{"line":37,"column":31}},"11":{"start":{"line":41,"column":4},"end":{"line":44,"column":5}},"12":{"start":{"line":42,"column":23},"end":{"line":42,"column":77}},"13":{"start":{"line":43,"column":6},"end":{"line":43,"column":32}},"14":{"start":{"line":47,"column":24},"end":{"line":47,"column":45}},"15":{"start":{"line":48,"column":4},"end":{"line":48,"column":33}},"16":{"start":{"line":50,"column":4},"end":{"line":50,"column":53}},"17":{"start":{"line":55,"column":0},"end":{"line":63,"column":3}},"18":{"start":{"line":56,"column":18},"end":{"line":56,"column":40}},"19":{"start":{"line":57,"column":2},"end":{"line":62,"column":3}},"20":{"start":{"line":58,"column":23},"end":{"line":58,"column":43}},"21":{"start":{"line":59,"column":4},"end":{"line":59,"column":37}},"22":{"start":{"line":61,"column":4},"end":{"line":61,"column":53}},"23":{"start":{"line":66,"column":0},"end":{"line":77,"column":3}},"24":{"start":{"line":67,"column":2},"end":{"line":76,"column":3}},"25":{"start":{"line":68,"column":27},"end":{"line":72,"column":5}},"26":{"start":{"line":73,"column":4},"end":{"line":73,"column":29}},"27":{"start":{"line":75,"column":4},"end":{"line":75,"column":53}},"28":{"start":{"line":80,"column":0},"end":{"line":87,"column":3}},"29":{"start":{"line":81,"column":2},"end":{"line":86,"column":3}},"30":{"start":{"line":82,"column":4},"end":{"line":82,"column":52}},"31":{"start":{"line":83,"column":4},"end":{"line":83,"column":45}},"32":{"start":{"line":85,"column":4},"end":{"line":85,"column":53}},"33":{"start":{"line":89,"column":0},"end":{"line":89,"column":24}}},"fnMap":{"0":{"name":"(anonymous_0)","decl":{"start":{"line":22,"column":16},"end":{"line":22,"column":17}},"loc":{"start":{"line":22,"column":36},"end":{"line":52,"column":1}},"line":22},"1":{"name":"(anonymous_1)","decl":{"start":{"line":55,"column":17},"end":{"line":55,"column":18}},"loc":{"start":{"line":55,"column":37},"end":{"line":63,"column":1}},"line":55},"2":{"name":"(anonymous_2)","decl":{"start":{"line":66,"column":21},"end":{"line":66,"column":22}},"loc":{"start":{"line":66,"column":41},"end":{"line":77,"column":1}},"line":66},"3":{"name":"(anonymous_3)","decl":{"start":{"line":80,"column":22},"end":{"line":80,"column":23}},"loc":{"start":{"line":80,"column":42},"end":{"line":87,"column":1}},"line":80}},"branchMap":{"0":{"loc":{"start":{"line":27,"column":4},"end":{"line":38,"column":5}},"type":"if","locations":[{"start":{"line":27,"column":4},"end":{"line":38,"column":5}},{"start":{},"end":{}}],"line":27},"1":{"loc":{"start":{"line":27,"column":8},"end":{"line":27,"column":23}},"type":"binary-expr","locations":[{"start":{"line":27,"column":8},"end":{"line":27,"column":14}},{"start":{"line":27,"column":18},"end":{"line":27,"column":23}}],"line":27},"2":{"loc":{"start":{"line":31,"column":6},"end":{"line":35,"column":7}},"type":"if","locations":[{"start":{"line":31,"column":6},"end":{"line":35,"column":7}},{"start":{},"end":{}}],"line":31},"3":{"loc":{"start":{"line":41,"column":4},"end":{"line":44,"column":5}},"type":"if","locations":[{"start":{"line":41,"column":4},"end":{"line":44,"column":5}},{"start":{},"end":{}}],"line":41}},"s":{"0":1,"1":1,"2":1,"3":1,"4":0,"5":0,"6":0,"7":0,"8":0,"9":0,"10":0,"11":0,"12":0,"13":0,"14":0,"15":0,"16":0,"17":1,"18":0,"19":0,"20":0,"21":0,"22":0,"23":1,"24":0,"25":0,"26":0,"27":0,"28":1,"29":0,"30":0,"31":0,"32":0,"33":1},"f":{"0":0,"1":0,"2":0,"3":0},"b":{"0":[0,0],"1":[0,0],"2":[0,0],"3":[0,0]},"_coverageSchema":"1a1c01bbd47fc00a2c39e90264f33305004495a9","hash":"feddffb0461d3b5a6b35b955ffd37b7c54d36935"}
,"/mnt/c/Users/MickaelBOHRER/Desktop/Developpeur/ADA/CollecKeytion/CollecKeytion/v0.2/Backend/routes/userRoutes.js": {"path":"/mnt/c/Users/MickaelBOHRER/Desktop/Developpeur/ADA/CollecKeytion/CollecKeytion/v0.2/Backend/routes/userRoutes.js","statementMap":{"0":{"start":{"line":16,"column":16},"end":{"line":16,"column":34}},"1":{"start":{"line":17,"column":17},"end":{"line":17,"column":36}},"2":{"start":{"line":18,"column":13},"end":{"line":18,"column":43}},"3":{"start":{"line":19,"column":17},"end":{"line":19,"column":51}},"4":{"start":{"line":20,"column":15},"end":{"line":20,"column":34}},"5":{"start":{"line":21,"column":18},"end":{"line":21,"column":46}},"6":{"start":{"line":22,"column":29},"end":{"line":22,"column":57}},"7":{"start":{"line":23,"column":42},"end":{"line":23,"column":93}},"8":{"start":{"line":24,"column":15},"end":{"line":24,"column":31}},"9":{"start":{"line":27,"column":21},"end":{"line":33,"column":1}},"10":{"start":{"line":36,"column":31},"end":{"line":42,"column":1}},"11":{"start":{"line":37,"column":17},"end":{"line":37,"column":38}},"12":{"start":{"line":38,"column":2},"end":{"line":40,"column":3}},"13":{"start":{"line":39,"column":4},"end":{"line":39,"column":60}},"14":{"start":{"line":41,"column":2},"end":{"line":41,"column":9}},"15":{"start":{"line":45,"column":0},"end":{"line":52,"column":3}},"16":{"start":{"line":46,"column":2},"end":{"line":51,"column":3}},"17":{"start":{"line":47,"column":18},"end":{"line":47,"column":35}},"18":{"start":{"line":48,"column":4},"end":{"line":48,"column":20}},"19":{"start":{"line":50,"column":4},"end":{"line":50,"column":53}},"20":{"start":{"line":55,"column":0},"end":{"line":63,"column":3}},"21":{"start":{"line":56,"column":2},"end":{"line":62,"column":3}},"22":{"start":{"line":57,"column":19},"end":{"line":57,"column":29}},"23":{"start":{"line":58,"column":17},"end":{"line":58,"column":40}},"24":{"start":{"line":59,"column":4},"end":{"line":59,"column":19}},"25":{"start":{"line":61,"column":4},"end":{"line":61,"column":53}},"26":{"start":{"line":66,"column":0},"end":{"line":87,"column":3}},"27":{"start":{"line":67,"column":2},"end":{"line":86,"column":3}},"28":{"start":{"line":68,"column":42},"end":{"line":68,"column":50}},"29":{"start":{"line":71,"column":17},"end":{"line":71,"column":48}},"30":{"start":{"line":74,"column":20},"end":{"line":78,"column":6}},"31":{"start":{"line":81,"column":4},"end":{"line":81,"column":25}},"32":{"start":{"line":83,"column":4},"end":{"line":83,"column":34}},"33":{"start":{"line":85,"column":4},"end":{"line":85,"column":51}},"34":{"start":{"line":90,"column":0},"end":{"line":124,"column":3}},"35":{"start":{"line":91,"column":2},"end":{"line":123,"column":3}},"36":{"start":{"line":92,"column":32},"end":{"line":92,"column":40}},"37":{"start":{"line":93,"column":4},"end":{"line":93,"column":41}},"38":{"start":{"line":95,"column":17},"end":{"line":95,"column":46}},"39":{"start":{"line":96,"column":4},"end":{"line":96,"column":46}},"40":{"start":{"line":98,"column":4},"end":{"line":101,"column":5}},"41":{"start":{"line":99,"column":6},"end":{"line":99,"column":44}},"42":{"start":{"line":100,"column":6},"end":{"line":100,"column":70}},"43":{"start":{"line":103,"column":26},"end":{"line":103,"column":71}},"44":{"start":{"line":104,"column":4},"end":{"line":104,"column":57}},"45":{"start":{"line":106,"column":4},"end":{"line":119,"column":5}},"46":{"start":{"line":107,"column":24},"end":{"line":107,"column":65}},"47":{"start":{"line":108,"column":6},"end":{"line":108,"column":47}},"48":{"start":{"line":110,"column":6},"end":{"line":113,"column":8}},"49":{"start":{"line":115,"column":6},"end":{"line":115,"column":50}},"50":{"start":{"line":116,"column":6},"end":{"line":116,"column":48}},"51":{"start":{"line":118,"column":6},"end":{"line":118,"column":63}},"52":{"start":{"line":121,"column":4},"end":{"line":121,"column":45}},"53":{"start":{"line":122,"column":4},"end":{"line":122,"column":51}},"54":{"start":{"line":127,"column":0},"end":{"line":127,"column":47}},"55":{"start":{"line":128,"column":0},"end":{"line":128,"column":52}},"56":{"start":{"line":132,"column":0},"end":{"line":159,"column":3}},"57":{"start":{"line":133,"column":2},"end":{"line":158,"column":3}},"58":{"start":{"line":134,"column":19},"end":{"line":134,"column":32}},"59":{"start":{"line":137,"column":4},"end":{"line":139,"column":5}},"60":{"start":{"line":138,"column":6},"end":{"line":138,"column":66}},"61":{"start":{"line":142,"column":4},"end":{"line":144,"column":5}},"62":{"start":{"line":143,"column":6},"end":{"line":143,"column":72}},"63":{"start":{"line":146,"column":24},"end":{"line":148,"column":6}},"64":{"start":{"line":151,"column":4},"end":{"line":153,"column":5}},"65":{"start":{"line":152,"column":6},"end":{"line":152,"column":65}},"66":{"start":{"line":155,"column":4},"end":{"line":155,"column":56}},"67":{"start":{"line":157,"column":4},"end":{"line":157,"column":53}},"68":{"start":{"line":162,"column":0},"end":{"line":189,"column":3}},"69":{"start":{"line":163,"column":2},"end":{"line":188,"column":3}},"70":{"start":{"line":164,"column":19},"end":{"line":164,"column":32}},"71":{"start":{"line":166,"column":4},"end":{"line":168,"column":5}},"72":{"start":{"line":167,"column":6},"end":{"line":167,"column":74}},"73":{"start":{"line":171,"column":4},"end":{"line":175,"column":5}},"74":{"start":{"line":172,"column":6},"end":{"line":174,"column":9}},"75":{"start":{"line":178,"column":24},"end":{"line":178,"column":60}},"76":{"start":{"line":180,"column":4},"end":{"line":182,"column":5}},"77":{"start":{"line":181,"column":6},"end":{"line":181,"column":73}},"78":{"start":{"line":184,"column":4},"end":{"line":184,"column":76}},"79":{"start":{"line":186,"column":4},"end":{"line":186,"column":46}},"80":{"start":{"line":187,"column":4},"end":{"line":187,"column":78}},"81":{"start":{"line":192,"column":0},"end":{"line":192,"column":24}}},"fnMap":{"0":{"name":"(anonymous_0)","decl":{"start":{"line":36,"column":31},"end":{"line":36,"column":32}},"loc":{"start":{"line":36,"column":51},"end":{"line":42,"column":1}},"line":36},"1":{"name":"(anonymous_1)","decl":{"start":{"line":45,"column":16},"end":{"line":45,"column":17}},"loc":{"start":{"line":45,"column":36},"end":{"line":52,"column":1}},"line":45},"2":{"name":"(anonymous_2)","decl":{"start":{"line":55,"column":19},"end":{"line":55,"column":20}},"loc":{"start":{"line":55,"column":39},"end":{"line":63,"column":1}},"line":55},"3":{"name":"(anonymous_3)","decl":{"start":{"line":66,"column":55},"end":{"line":66,"column":56}},"loc":{"start":{"line":66,"column":75},"end":{"line":87,"column":1}},"line":66},"4":{"name":"(anonymous_4)","decl":{"start":{"line":90,"column":22},"end":{"line":90,"column":23}},"loc":{"start":{"line":90,"column":42},"end":{"line":124,"column":1}},"line":90},"5":{"name":"(anonymous_5)","decl":{"start":{"line":132,"column":21},"end":{"line":132,"column":22}},"loc":{"start":{"line":132,"column":41},"end":{"line":159,"column":1}},"line":132},"6":{"name":"(anonymous_6)","decl":{"start":{"line":162,"column":22},"end":{"line":162,"column":23}},"loc":{"start":{"line":162,"column":42},"end":{"line":189,"column":1}},"line":162}},"branchMap":{"0":{"loc":{"start":{"line":38,"column":2},"end":{"line":40,"column":3}},"type":"if","locations":[{"start":{"line":38,"column":2},"end":{"line":40,"column":3}},{"start":{},"end":{}}],"line":38},"1":{"loc":{"start":{"line":98,"column":4},"end":{"line":101,"column":5}},"type":"if","locations":[{"start":{"line":98,"column":4},"end":{"line":101,"column":5}},{"start":{},"end":{}}],"line":98},"2":{"loc":{"start":{"line":106,"column":4},"end":{"line":119,"column":5}},"type":"if","locations":[{"start":{"line":106,"column":4},"end":{"line":119,"column":5}},{"start":{"line":117,"column":11},"end":{"line":119,"column":5}}],"line":106},"3":{"loc":{"start":{"line":137,"column":4},"end":{"line":139,"column":5}},"type":"if","locations":[{"start":{"line":137,"column":4},"end":{"line":139,"column":5}},{"start":{},"end":{}}],"line":137},"4":{"loc":{"start":{"line":142,"column":4},"end":{"line":144,"column":5}},"type":"if","locations":[{"start":{"line":142,"column":4},"end":{"line":144,"column":5}},{"start":{},"end":{}}],"line":142},"5":{"loc":{"start":{"line":142,"column":8},"end":{"line":142,"column":55}},"type":"binary-expr","locations":[{"start":{"line":142,"column":8},"end":{"line":142,"column":17}},{"start":{"line":142,"column":21},"end":{"line":142,"column":55}}],"line":142},"6":{"loc":{"start":{"line":151,"column":4},"end":{"line":153,"column":5}},"type":"if","locations":[{"start":{"line":151,"column":4},"end":{"line":153,"column":5}},{"start":{},"end":{}}],"line":151},"7":{"loc":{"start":{"line":166,"column":4},"end":{"line":168,"column":5}},"type":"if","locations":[{"start":{"line":166,"column":4},"end":{"line":168,"column":5}},{"start":{},"end":{}}],"line":166},"8":{"loc":{"start":{"line":171,"column":4},"end":{"line":175,"column":5}},"type":"if","locations":[{"start":{"line":171,"column":4},"end":{"line":175,"column":5}},{"start":{},"end":{}}],"line":171},"9":{"loc":{"start":{"line":180,"column":4},"end":{"line":182,"column":5}},"type":"if","locations":[{"start":{"line":180,"column":4},"end":{"line":182,"column":5}},{"start":{},"end":{}}],"line":180}},"s":{"0":1,"1":1,"2":1,"3":1,"4":1,"5":1,"6":1,"7":1,"8":1,"9":1,"10":1,"11":2,"12":2,"13":1,"14":1,"15":1,"16":1,"17":1,"18":1,"19":0,"20":1,"21":0,"22":0,"23":0,"24":0,"25":0,"26":1,"27":1,"28":1,"29":1,"30":1,"31":1,"32":1,"33":0,"34":1,"35":0,"36":0,"37":0,"38":0,"39":0,"40":0,"41":0,"42":0,"43":0,"44":0,"45":0,"46":0,"47":0,"48":0,"49":0,"50":0,"51":0,"52":0,"53":0,"54":1,"55":1,"56":1,"57":1,"58":1,"59":1,"60":0,"61":1,"62":0,"63":1,"64":1,"65":0,"66":1,"67":0,"68":1,"69":1,"70":1,"71":1,"72":0,"73":1,"74":1,"75":1,"76":1,"77":0,"78":1,"79":0,"80":0,"81":1},"f":{"0":2,"1":1,"2":0,"3":1,"4":0,"5":1,"6":1},"b":{"0":[1,1],"1":[0,0],"2":[0,0],"3":[0,1],"4":[0,1],"5":[1,1],"6":[0,1],"7":[0,1],"8":[1,0],"9":[0,1]},"_coverageSchema":"1a1c01bbd47fc00a2c39e90264f33305004495a9","hash":"c785a9a59201f738dd33e9a14210223946c4a6c0"}
}
