TN:
SF:cloudinary.js
FNF:0
FNH:0
DA:1,1
DA:2,1
DA:5,1
DA:10,1
DA:12,1
DA:19,1
LF:6
LH:6
BRF:0
BRH:0
end_of_record
TN:
SF:server.js
FN:51,(anonymous_0)
FN:55,(anonymous_1)
FN:70,(anonymous_2)
FN:75,(anonymous_3)
FN:80,(anonymous_4)
FN:87,(anonymous_5)
FNF:6
FNH:2
FNDA:1,(anonymous_0)
FNDA:0,(anonymous_1)
FNDA:0,(anonymous_2)
FNDA:1,(anonymous_3)
FNDA:0,(anonymous_4)
FNDA:0,(anonymous_5)
DA:17,1
DA:18,1
DA:19,1
DA:20,1
DA:21,1
DA:22,1
DA:23,1
DA:24,1
DA:28,1
DA:40,1
DA:43,1
DA:45,1
DA:52,1
DA:53,1
DA:56,0
DA:63,1
DA:64,1
DA:65,1
DA:66,1
DA:67,1
DA:70,1
DA:71,0
DA:75,1
DA:76,1
DA:80,1
DA:81,0
DA:84,1
DA:86,1
DA:87,0
DA:88,0
LF:30
LH:25
BRDA:43,0,0,1
BRDA:43,0,1,0
BRDA:86,1,0,0
BRDA:86,1,1,1
BRF:4
BRH:2
end_of_record
TN:
SF:controllers/forgetPassword.controller.js
FN:26,(anonymous_0)
FN:72,(anonymous_1)
FN:88,(anonymous_2)
FNF:3
FNH:0
FNDA:0,(anonymous_0)
FNDA:0,(anonymous_1)
FNDA:0,(anonymous_2)
DA:16,1
DA:17,1
DA:18,1
DA:19,1
DA:20,1
DA:26,1
DA:27,0
DA:28,0
DA:30,0
DA:31,0
DA:32,0
DA:33,0
DA:37,0
DA:38,0
DA:42,0
DA:44,0
DA:47,0
DA:57,0
DA:58,0
DA:60,0
DA:72,0
DA:73,0
DA:74,0
DA:76,0
DA:79,0
DA:88,1
DA:89,0
DA:90,0
DA:91,0
DA:93,0
DA:94,0
DA:96,0
DA:97,0
DA:98,0
DA:101,0
DA:102,0
DA:104,0
DA:105,0
DA:107,0
DA:108,0
DA:111,0
DA:112,0
DA:113,0
DA:116,0
DA:117,0
DA:118,0
DA:119,0
DA:121,0
DA:122,0
DA:124,0
DA:125,0
DA:129,1
LF:52
LH:8
BRDA:37,0,0,0
BRDA:37,0,1,0
BRDA:73,1,0,0
BRDA:73,1,1,0
BRDA:96,2,0,0
BRDA:96,2,1,0
BRDA:107,3,0,0
BRDA:107,3,1,0
BRDA:111,4,0,0
BRDA:111,4,1,0
BRF:10
BRH:0
end_of_record
TN:
SF:models/keymodel.js
FNF:0
FNH:0
DA:7,1
DA:8,1
DA:10,1
DA:50,1
DA:52,1
LF:5
LH:5
BRF:0
BRH:0
end_of_record
TN:
SF:models/userkeysmodel.js
FNF:0
FNH:0
DA:7,1
DA:8,1
DA:10,1
DA:31,1
DA:32,1
DA:34,1
DA:36,1
LF:7
LH:7
BRF:0
BRH:0
end_of_record
TN:
SF:models/usermodel.js
FN:52,(anonymous_0)
FN:56,(anonymous_1)
FN:61,(anonymous_2)
FNF:3
FNH:0
FNDA:0,(anonymous_0)
FNDA:0,(anonymous_1)
FNDA:0,(anonymous_2)
DA:9,1
DA:10,1
DA:11,1
DA:12,1
DA:13,1
DA:16,1
DA:49,1
DA:52,1
DA:53,0
DA:56,1
DA:57,0
DA:58,0
DA:61,1
DA:62,0
DA:63,0
DA:64,0
DA:67,1
DA:69,1
LF:18
LH:12
BRF:0
BRH:0
end_of_record
TN:
SF:routes/keyRoutes.js
FN:33,(anonymous_0)
FN:47,(anonymous_1)
FN:57,(anonymous_2)
FN:75,(anonymous_3)
FN:78,(anonymous_4)
FN:89,(anonymous_5)
FN:107,(anonymous_6)
FN:120,(anonymous_7)
FN:143,(anonymous_8)
FNF:9
FNH:0
FNDA:0,(anonymous_0)
FNDA:0,(anonymous_1)
FNDA:0,(anonymous_2)
FNDA:0,(anonymous_3)
FNDA:0,(anonymous_4)
FNDA:0,(anonymous_5)
FNDA:0,(anonymous_6)
FNDA:0,(anonymous_7)
FNDA:0,(anonymous_8)
DA:16,1
DA:17,1
DA:18,1
DA:19,1
DA:20,1
DA:26,1
DA:28,1
DA:34,0
DA:35,0
DA:36,0
DA:37,0
DA:43,0
DA:47,1
DA:48,0
DA:49,0
DA:50,0
DA:51,0
DA:53,0
DA:57,1
DA:58,0
DA:59,0
DA:60,0
DA:61,0
DA:63,0
DA:67,1
DA:76,0
DA:77,0
DA:78,0
DA:79,0
DA:80,0
DA:83,0
DA:88,0
DA:90,0
DA:104,0
DA:105,0
DA:108,0
DA:109,0
DA:114,0
DA:115,0
DA:120,1
DA:121,0
DA:122,0
DA:123,0
DA:125,0
DA:126,0
DA:129,0
DA:137,0
DA:139,0
DA:143,1
DA:144,0
DA:145,0
DA:146,0
DA:147,0
DA:149,0
DA:153,1
LF:55
LH:13
BRDA:35,0,0,0
BRDA:35,0,1,0
BRDA:125,1,0,0
BRDA:125,1,1,0
BRF:4
BRH:0
end_of_record
TN:
SF:routes/userKeysRoutes.js
FN:22,(anonymous_0)
FN:55,(anonymous_1)
FN:66,(anonymous_2)
FN:80,(anonymous_3)
FNF:4
FNH:0
FNDA:0,(anonymous_0)
FNDA:0,(anonymous_1)
FNDA:0,(anonymous_2)
FNDA:0,(anonymous_3)
DA:16,1
DA:17,1
DA:19,1
DA:22,1
DA:23,0
DA:24,0
DA:27,0
DA:28,0
DA:31,0
DA:32,0
DA:37,0
DA:41,0
DA:42,0
DA:43,0
DA:47,0
DA:48,0
DA:50,0
DA:55,1
DA:56,0
DA:57,0
DA:58,0
DA:59,0
DA:61,0
DA:66,1
DA:67,0
DA:68,0
DA:73,0
DA:75,0
DA:80,1
DA:81,0
DA:82,0
DA:83,0
DA:85,0
DA:89,1
LF:34
LH:8
BRDA:27,0,0,0
BRDA:27,0,1,0
BRDA:27,1,0,0
BRDA:27,1,1,0
BRDA:31,2,0,0
BRDA:31,2,1,0
BRDA:41,3,0,0
BRDA:41,3,1,0
BRF:8
BRH:0
end_of_record
TN:
SF:routes/userRoutes.js
FN:36,(anonymous_0)
FN:45,(anonymous_1)
FN:55,(anonymous_2)
FN:66,(anonymous_3)
FN:90,(anonymous_4)
FN:132,(anonymous_5)
FN:162,(anonymous_6)
FNF:7
FNH:5
FNDA:2,(anonymous_0)
FNDA:1,(anonymous_1)
FNDA:0,(anonymous_2)
FNDA:1,(anonymous_3)
FNDA:0,(anonymous_4)
FNDA:1,(anonymous_5)
FNDA:1,(anonymous_6)
DA:16,1
DA:17,1
DA:18,1
DA:19,1
DA:20,1
DA:21,1
DA:22,1
DA:23,1
DA:24,1
DA:27,1
DA:36,1
DA:37,2
DA:38,2
DA:39,1
DA:41,1
DA:45,1
DA:46,1
DA:47,1
DA:48,1
DA:50,0
DA:55,1
DA:56,0
DA:57,0
DA:58,0
DA:59,0
DA:61,0
DA:66,1
DA:67,1
DA:68,1
DA:71,1
DA:74,1
DA:81,1
DA:83,1
DA:85,0
DA:90,1
DA:91,0
DA:92,0
DA:93,0
DA:95,0
DA:96,0
DA:98,0
DA:99,0
DA:100,0
DA:103,0
DA:104,0
DA:106,0
DA:107,0
DA:108,0
DA:110,0
DA:115,0
DA:116,0
DA:118,0
DA:121,0
DA:122,0
DA:127,1
DA:128,1
DA:132,1
DA:133,1
DA:134,1
DA:137,1
DA:138,0
DA:142,1
DA:143,0
DA:146,1
DA:151,1
DA:152,0
DA:155,1
DA:157,0
DA:162,1
DA:163,1
DA:164,1
DA:166,1
DA:167,0
DA:171,1
DA:172,1
DA:178,1
DA:180,1
DA:181,0
DA:184,1
DA:186,0
DA:187,0
DA:192,1
LF:82
LH:48
BRDA:38,0,0,1
BRDA:38,0,1,1
BRDA:98,1,0,0
BRDA:98,1,1,0
BRDA:106,2,0,0
BRDA:106,2,1,0
BRDA:137,3,0,0
BRDA:137,3,1,1
BRDA:142,4,0,0
BRDA:142,4,1,1
BRDA:142,5,0,1
BRDA:142,5,1,1
BRDA:151,6,0,0
BRDA:151,6,1,1
BRDA:166,7,0,0
BRDA:166,7,1,1
BRDA:171,8,0,1
BRDA:171,8,1,0
BRDA:180,9,0,0
BRDA:180,9,1,1
BRF:20
BRH:10
end_of_record
